<?xml version="1.0" encoding="UTF-8"?>
<!-- Generated by org.testng.reporters.JUnitReportReporter -->
<testsuite hostname="MACs-MacBook-Pro.local" failures="0" tests="1" name="com.saucedemoAutomation.testCases.TestPurchaseItems" time="17.976" errors="0" timestamp="2023-12-22T09:07:40 WAT" skipped="0">
  <testcase classname="com.saucedemoAutomation.testCases.TestPurchaseItems" name="TestPurchaseItemsFromInventoryEndToEnd" time="17.976"/>
</testsuite> <!-- com.saucedemoAutomation.testCases.TestPurchaseItems -->
